Unity Editor version:    2020.3.19f1 (68f137dc9bbe)
Branch:                  2020.3/staging
Build type:              Release
Batch mode:              YES
macOS version:           Version 10.15.7 (Build 19H2)
Darwin version:          19.6.0
Architecture:            x86_64
Running under Rosetta:   NO
Available memory:        16384 MB
Using pre-set license
Pro License: NO

COMMAND LINE ARGUMENTS:
/Applications/Unity/EditorsFolder/2020.3.19f1/Unity.app/Contents/MacOS/Unity
-adb2
-batchMode
-noUpm
-name
AssetImportWorker1
-projectPath
/Users/admin/Documents/Unity/Learn/CharacterSelect/My project
-logFile
Logs/AssetImportWorker1.log
-srvPort
55880
Successfully changed project path to: /Users/admin/Documents/Unity/Learn/CharacterSelect/My project
/Users/admin/Documents/Unity/Learn/CharacterSelect/My project
Using Asset Import Pipeline V2.
Refreshing native plugins compatible for Editor in 433.93 ms, found 2 plugins.
Preloading 0 native plugins for Editor in 0.00 ms.
Initialize engine version: 2020.3.19f1 (68f137dc9bbe)
[Subsystems] Discovering subsystems at path /Applications/Unity/EditorsFolder/2020.3.19f1/Unity.app/Contents/Resources/UnitySubsystems
[Subsystems] Discovering subsystems at path /Users/admin/Documents/Unity/Learn/CharacterSelect/My project/Assets
GfxDevice: creating device client; threaded=0
2022-02-12 22:48:21.186 Unity[13844:218633] Color LCD preferred device: NVIDIA GeForce GT 650M (high power)
2022-02-12 22:48:21.186 Unity[13844:218633] Metal devices available: 2
2022-02-12 22:48:21.186 Unity[13844:218633] 0: NVIDIA GeForce GT 650M (high power)
2022-02-12 22:48:21.186 Unity[13844:218633] 1: Intel HD Graphics 4000 (low power)
2022-02-12 22:48:21.269 Unity[13844:218633] Using device NVIDIA GeForce GT 650M (high power)
Initializing Metal device caps: NVIDIA GeForce GT 650M
Initialize mono
Mono path[0] = '/Applications/Unity/EditorsFolder/2020.3.19f1/Unity.app/Contents/Managed'
Mono path[1] = '/Applications/Unity/EditorsFolder/2020.3.19f1/Unity.app/Contents/MonoBleedingEdge/lib/mono/unityjit'
Mono config path = '/Applications/Unity/EditorsFolder/2020.3.19f1/Unity.app/Contents/MonoBleedingEdge/etc'
Using monoOptions --debugger-agent=transport=dt_socket,embedding=1,server=y,suspend=n,address=127.0.0.1:56844
Begin MonoManager ReloadAssembly
