Using pre-set license
Built from '2021.1/staging' branch; Version is '2021.1.3f1 (4bef613afd59) revision 4976481'; Using compiler version '192528614'; Build Type 'Release'
OS: 'Windows 10 Home; OS build 19044.1526; Version 2009; 64bit' Language: 'en' Physical Memory: 16204 MB
BatchMode: 1, IsHumanControllingUs: 0, StartBugReporterOnCrash: 0, Is64bit: 1, IsPro: 0

 COMMAND LINE ARGUMENTS:
C:\Program Files\2021.1.3f1\Editor\Unity.exe
-adb2
-batchMode
-noUpm
-name
AssetImportWorker1
-projectPath
D:/Github/Real github/FoodGame/CharacterSelection
-logFile
Logs/AssetImportWorker1.log
-srvPort
62525
Successfully changed project path to: D:/Github/Real github/FoodGame/CharacterSelection
D:/Github/Real github/FoodGame/CharacterSelection
Using Asset Import Pipeline V2.
Refreshing native plugins compatible for Editor in 39.67 ms, found 3 plugins.
Preloading 0 native plugins for Editor in 0.00 ms.
Initialize engine version: 2021.1.3f1 (4bef613afd59)
[Subsystems] Discovering subsystems at path C:/Program Files/2021.1.3f1/Editor/Data/Resources/UnitySubsystems
[Subsystems] Discovering subsystems at path D:/Github/Real github/FoodGame/CharacterSelection/Assets
GfxDevice: creating device client; threaded=0; jobified=0
Direct3D:
    Version:  Direct3D 11.0 [level 11.1]
    Renderer: NVIDIA GeForce RTX 2060 (ID=0x1f15)
    Vendor:   NVIDIA
    VRAM:     5980 MB
    Driver:   26.21.14.4276
Initialize mono
Mono path[0] = 'C:/Program Files/2021.1.3f1/Editor/Data/Managed'
Mono path[1] = 'C:/Program Files/2021.1.3f1/Editor/Data/MonoBleedingEdge/lib/mono/unityjit'
Mono config path = 'C:/Program Files/2021.1.3f1/Editor/Data/MonoBleedingEdge/etc'
Using monoOptions --debugger-agent=transport=dt_socket,embedding=1,server=y,suspend=n,address=127.0.0.1:56224
Begin MonoManager ReloadAssembly
Registering precompiled unity dll's ...
Register platform support module: C:/Program Files/2021.1.3f1/Editor/Data/PlaybackEngines/WebGLSupport/UnityEditor.WebGL.Extensions.dll
Register platform support module: C:/Program Files/2021.1.3f1/Editor/Data/PlaybackEngines/WindowsStandaloneSupport/UnityEditor.WindowsStandalone.Extensions.dll
Registered in 0.002253 seconds.
Native extension for WindowsStandalone target not found
Native extension for WebGL target not found
Refreshing native plugins compatible for Editor in 42.91 ms, found 3 plugins.
Preloading 0 native plugins for Editor in 0.00 ms.
Mono: successfully reloaded assembly
- Completed reload, in  1.180 seconds
Platform modules already initialized, skipping
Registering precompiled user dll's ...
Registered in 0.002151 seconds.
Begin MonoManager ReloadAssembly
Native extension for WindowsStandalone target not found
Native extension for WebGL target not found
Refreshing native plugins compatible for Editor in 38.03 ms, found 3 plugins.
Preloading 0 native plugins for Editor in 0.00 ms.
Mono: successfully reloaded assembly
- Completed reload, in  2.262 seconds
Platform modules already initialized, skipping
========================================================================
Worker process is ready to serve import requests
Launched and connected shader compiler UnityShaderCompiler.exe after 0.06 seconds
Refreshing native plugins compatible for Editor in 1.66 ms, found 3 plugins.
Preloading 0 native plugins for Editor in 0.00 ms.
Unloading 2593 Unused Serialized files (Serialized files now loaded: 0)
System memory in use before: 114.1 MB.
System memory in use after: 114.3 MB.

Unloading 29 unused Assets to reduce memory usage. Loaded Objects now: 3048.
Total: 2.658100 ms (FindLiveObjects: 0.185500 ms CreateObjectMapping: 0.203000 ms MarkObjects: 2.176200 ms  DeleteObjects: 0.092700 ms)

========================================================================
Received Import Request.
  path: Assets/JobSignPool.cs
  artifactKey: Guid(3fbb7b35b20f8954c99a945b24b03e7c) Importer(815301076,1909f56bfc062723c751e8b465ee728b)
Start importing Assets/JobSignPool.cs using Guid(3fbb7b35b20f8954c99a945b24b03e7c) Importer(815301076,1909f56bfc062723c751e8b465ee728b)  -> (artifact id: 'd765137a2018affa55079409bbb10d90') in 0.033071 seconds 
========================================================================
Received Import Request.
  Time since last request: 0.000388 seconds.
  path: Assets/Scripts/EnergyDrain.cs
  artifactKey: Guid(8ce1da8bc5135984f9672e17c73c5cf9) Importer(815301076,1909f56bfc062723c751e8b465ee728b)
Start importing Assets/Scripts/EnergyDrain.cs using Guid(8ce1da8bc5135984f9672e17c73c5cf9) Importer(815301076,1909f56bfc062723c751e8b465ee728b)  -> (artifact id: '42c970adf45c55ef3ce4f982138c021e') in 0.002357 seconds 
========================================================================
Received Import Request.
  Time since last request: 0.001221 seconds.
  path: Assets/InputSystem.inputsettings.asset
  artifactKey: Guid(a9ea8a31f25c49b4fb54e68efa5a7fee) Importer(815301076,1909f56bfc062723c751e8b465ee728b)
Start importing Assets/InputSystem.inputsettings.asset using Guid(a9ea8a31f25c49b4fb54e68efa5a7fee) Importer(815301076,1909f56bfc062723c751e8b465ee728b)  -> (artifact id: '49f7ed1d8faa01d217c19d0607aafc6e') in 0.029923 seconds 
========================================================================
Received Import Request.
  Time since last request: 38.448538 seconds.
  path: Assets/Actions
  artifactKey: Guid(0dff18b1d53cb6b47a31ce98ed45354b) Importer(815301076,1909f56bfc062723c751e8b465ee728b)
Start importing Assets/Actions using Guid(0dff18b1d53cb6b47a31ce98ed45354b) Importer(815301076,1909f56bfc062723c751e8b465ee728b)  -> (artifact id: 'a1e0116586dac958ef1d225eb1163883') in 0.002461 seconds 
========================================================================
Received Import Request.
  Time since last request: 1.330168 seconds.
  path: Assets/Actions/CharacterSelection.cs
  artifactKey: Guid(d22745f11b38f2a4c91cec165ac15e7f) Importer(815301076,1909f56bfc062723c751e8b465ee728b)
Start importing Assets/Actions/CharacterSelection.cs using Guid(d22745f11b38f2a4c91cec165ac15e7f) Importer(815301076,1909f56bfc062723c751e8b465ee728b)  -> (artifact id: '6a0f130e7079015ff751050fc8e2e7db') in 0.002867 seconds 
AssetImportWorkerClient::OnTransportError - code=2 error=End of file
